[0m08:41:18.878614 [debug] [MainThread]: Sending event: {'category': 'dbt', 'action': 'invocation', 'label': 'start', 'context': [<snowplow_tracker.self_describing_json.SelfDescribingJson object at 0x7f9f85102250>, <snowplow_tracker.self_describing_json.SelfDescribingJson object at 0x7f9f856d36d0>, <snowplow_tracker.self_describing_json.SelfDescribingJson object at 0x7f9f850611d0>]}


============================== 08:41:18.880435 | 3988f8b8-51dd-4099-a91c-11f609fdcb46 ==============================
[0m08:41:18.880435 [info ] [MainThread]: Running with dbt=1.6.1
[0m08:41:18.880852 [debug] [MainThread]: running dbt with arguments {'printer_width': '80', 'indirect_selection': 'eager', 'log_cache_events': 'False', 'write_json': 'True', 'partial_parse': 'True', 'cache_selected_only': 'False', 'profiles_dir': '/home/rfdickerson/.dbt', 'fail_fast': 'False', 'warn_error': 'None', 'log_path': 'logs', 'version_check': 'True', 'debug': 'False', 'use_colors': 'True', 'use_experimental_parser': 'False', 'no_print': 'None', 'quiet': 'False', 'log_format': 'default', 'invocation_command': 'dbt init jaffle_shop', 'warn_error_options': 'WarnErrorOptions(include=[], exclude=[])', 'static_parser': 'True', 'target_path': 'None', 'introspect': 'True', 'send_anonymous_usage_stats': 'True'}
[0m08:41:18.881212 [warn ] [MainThread]: [ConfigFolderDirectory]: Unable to parse dict {'dir': PosixPath('/home/rfdickerson/.dbt')}
[0m08:41:18.881507 [info ] [MainThread]: Creating dbt configuration folder at 
[0m08:41:18.882106 [debug] [MainThread]: Starter project path: /home/rfdickerson/dbt-env/lib64/python3.11/site-packages/dbt/include/starter_project
[0m08:41:18.884319 [info ] [MainThread]: 
Your new dbt project "jaffle_shop" was created!

For more information on how to configure the profiles.yml file,
please consult the dbt documentation here:

  https://docs.getdbt.com/docs/configure-your-profile

One more thing:

Need help? Don't hesitate to reach out to us via GitHub issues or on Slack:

  https://community.getdbt.com/

Happy modeling!

[0m08:41:18.884622 [info ] [MainThread]: Setting up your profile.
[0m08:41:28.244408 [error] [MainThread]: Encountered an error:

[0m08:41:28.245768 [error] [MainThread]: Traceback (most recent call last):
  File "/home/rfdickerson/dbt-env/lib64/python3.11/site-packages/dbt/cli/requires.py", line 87, in wrapper
    result, success = func(*args, **kwargs)
                      ^^^^^^^^^^^^^^^^^^^^^
  File "/home/rfdickerson/dbt-env/lib64/python3.11/site-packages/dbt/cli/requires.py", line 72, in wrapper
    return func(*args, **kwargs)
           ^^^^^^^^^^^^^^^^^^^^^
  File "/home/rfdickerson/dbt-env/lib64/python3.11/site-packages/dbt/cli/main.py", line 468, in init
    results = task.run()
              ^^^^^^^^^^
  File "/home/rfdickerson/dbt-env/lib64/python3.11/site-packages/dbt/task/init.py", line 307, in run
    adapter = self.ask_for_adapter_choice()
              ^^^^^^^^^^^^^^^^^^^^^^^^^^^^^
  File "/home/rfdickerson/dbt-env/lib64/python3.11/site-packages/dbt/task/init.py", line 233, in ask_for_adapter_choice
    numeric_choice = click.prompt(prompt_msg, type=click.INT)
                     ^^^^^^^^^^^^^^^^^^^^^^^^^^^^^^^^^^^^^^^^
  File "/home/rfdickerson/dbt-env/lib64/python3.11/site-packages/click/termui.py", line 164, in prompt
    value = prompt_func(prompt)
            ^^^^^^^^^^^^^^^^^^^
  File "/home/rfdickerson/dbt-env/lib64/python3.11/site-packages/click/termui.py", line 147, in prompt_func
    raise Abort() from None
click.exceptions.Abort

[0m08:41:28.246306 [debug] [MainThread]: Command `dbt init` failed at 08:41:28.246224 after 9.37 seconds
[0m08:41:28.246629 [debug] [MainThread]: Sending event: {'category': 'dbt', 'action': 'invocation', 'label': 'end', 'context': [<snowplow_tracker.self_describing_json.SelfDescribingJson object at 0x7f9f84dfc0d0>, <snowplow_tracker.self_describing_json.SelfDescribingJson object at 0x7f9f85243290>, <snowplow_tracker.self_describing_json.SelfDescribingJson object at 0x7f9f84fa71d0>]}
[0m08:41:28.246963 [debug] [MainThread]: Flushing usage events
[0m08:41:43.142693 [debug] [MainThread]: Sending event: {'category': 'dbt', 'action': 'invocation', 'label': 'start', 'context': [<snowplow_tracker.self_describing_json.SelfDescribingJson object at 0x7fb742262310>, <snowplow_tracker.self_describing_json.SelfDescribingJson object at 0x7fb7422aec50>, <snowplow_tracker.self_describing_json.SelfDescribingJson object at 0x7fb741c3ac50>]}


============================== 08:41:43.144497 | 3b446bda-ac84-4fc9-beda-11389b83da8e ==============================
[0m08:41:43.144497 [info ] [MainThread]: Running with dbt=1.6.1
[0m08:41:43.144899 [debug] [MainThread]: running dbt with arguments {'printer_width': '80', 'indirect_selection': 'eager', 'write_json': 'True', 'log_cache_events': 'False', 'partial_parse': 'True', 'cache_selected_only': 'False', 'profiles_dir': '/home/rfdickerson/.dbt', 'fail_fast': 'False', 'debug': 'False', 'log_path': 'logs', 'version_check': 'True', 'warn_error': 'None', 'use_colors': 'True', 'use_experimental_parser': 'False', 'no_print': 'None', 'quiet': 'False', 'warn_error_options': 'WarnErrorOptions(include=[], exclude=[])', 'invocation_command': 'dbt init jaffle_shop', 'log_format': 'default', 'static_parser': 'True', 'target_path': 'None', 'introspect': 'True', 'send_anonymous_usage_stats': 'True'}
[0m08:41:43.145489 [info ] [MainThread]: A project called jaffle_shop already exists here.
[0m08:41:43.145904 [debug] [MainThread]: Command `dbt init` succeeded at 08:41:43.145831 after 0.00 seconds
[0m08:41:43.146202 [debug] [MainThread]: Sending event: {'category': 'dbt', 'action': 'invocation', 'label': 'end', 'context': [<snowplow_tracker.self_describing_json.SelfDescribingJson object at 0x7fb743ca3710>, <snowplow_tracker.self_describing_json.SelfDescribingJson object at 0x7fb741c44510>, <snowplow_tracker.self_describing_json.SelfDescribingJson object at 0x7fb741e38ed0>]}
[0m08:41:43.146500 [debug] [MainThread]: Flushing usage events
[0m08:41:54.564538 [debug] [MainThread]: Sending event: {'category': 'dbt', 'action': 'invocation', 'label': 'start', 'context': [<snowplow_tracker.self_describing_json.SelfDescribingJson object at 0x7f24759a2550>, <snowplow_tracker.self_describing_json.SelfDescribingJson object at 0x7f247562dd10>, <snowplow_tracker.self_describing_json.SelfDescribingJson object at 0x7f24758371d0>]}


============================== 08:41:54.566320 | 83872035-5818-4212-b368-5d343aea9022 ==============================
[0m08:41:54.566320 [info ] [MainThread]: Running with dbt=1.6.1
[0m08:41:54.566733 [debug] [MainThread]: running dbt with arguments {'printer_width': '80', 'indirect_selection': 'eager', 'log_cache_events': 'False', 'write_json': 'True', 'partial_parse': 'True', 'cache_selected_only': 'False', 'profiles_dir': '/home/rfdickerson/.dbt', 'fail_fast': 'False', 'version_check': 'True', 'log_path': 'logs', 'debug': 'False', 'warn_error': 'None', 'use_colors': 'True', 'use_experimental_parser': 'False', 'no_print': 'None', 'quiet': 'False', 'log_format': 'default', 'introspect': 'True', 'static_parser': 'True', 'warn_error_options': 'WarnErrorOptions(include=[], exclude=[])', 'target_path': 'None', 'invocation_command': 'dbt init jaffle_shop', 'send_anonymous_usage_stats': 'True'}
[0m08:41:54.567331 [debug] [MainThread]: Starter project path: /home/rfdickerson/dbt-env/lib64/python3.11/site-packages/dbt/include/starter_project
[0m08:41:54.569527 [info ] [MainThread]: 
Your new dbt project "jaffle_shop" was created!

For more information on how to configure the profiles.yml file,
please consult the dbt documentation here:

  https://docs.getdbt.com/docs/configure-your-profile

One more thing:

Need help? Don't hesitate to reach out to us via GitHub issues or on Slack:

  https://community.getdbt.com/

Happy modeling!

[0m08:41:54.569841 [info ] [MainThread]: Setting up your profile.
[0m08:43:42.700410 [info ] [MainThread]: Profile jaffle_shop written to /home/rfdickerson/.dbt/profiles.yml using target's profile_template.yml and your supplied values. Run 'dbt debug' to validate the connection.
[0m08:43:42.701004 [debug] [MainThread]: Command `dbt init` succeeded at 08:43:42.700912 after 108.14 seconds
[0m08:43:42.701360 [debug] [MainThread]: Sending event: {'category': 'dbt', 'action': 'invocation', 'label': 'end', 'context': [<snowplow_tracker.self_describing_json.SelfDescribingJson object at 0x7f2475969f10>, <snowplow_tracker.self_describing_json.SelfDescribingJson object at 0x7f247534ff50>, <snowplow_tracker.self_describing_json.SelfDescribingJson object at 0x7f2479d72d50>]}
[0m08:43:42.701698 [debug] [MainThread]: Flushing usage events
[0m08:48:02.991802 [debug] [MainThread]: Sending event: {'category': 'dbt', 'action': 'invocation', 'label': 'start', 'context': [<snowplow_tracker.self_describing_json.SelfDescribingJson object at 0x7f3caed70950>, <snowplow_tracker.self_describing_json.SelfDescribingJson object at 0x7f3caed1a190>, <snowplow_tracker.self_describing_json.SelfDescribingJson object at 0x7f3caed5fa50>]}


============================== 08:48:02.993518 | 85a95a0c-bc40-4f38-bbd3-fb0e933c58c7 ==============================
[0m08:48:02.993518 [info ] [MainThread]: Running with dbt=1.6.1
[0m08:48:02.993915 [debug] [MainThread]: running dbt with arguments {'printer_width': '80', 'indirect_selection': 'eager', 'write_json': 'True', 'log_cache_events': 'False', 'partial_parse': 'True', 'cache_selected_only': 'False', 'profiles_dir': '/home/rfdickerson/.dbt', 'debug': 'False', 'version_check': 'True', 'log_path': 'logs', 'warn_error': 'None', 'fail_fast': 'False', 'use_colors': 'True', 'use_experimental_parser': 'False', 'no_print': 'None', 'quiet': 'False', 'warn_error_options': 'WarnErrorOptions(include=[], exclude=[])', 'invocation_command': 'dbt debug', 'introspect': 'True', 'log_format': 'default', 'target_path': 'None', 'static_parser': 'True', 'send_anonymous_usage_stats': 'True'}
[0m08:48:02.994327 [info ] [MainThread]: dbt version: 1.6.1
[0m08:48:02.994624 [info ] [MainThread]: python version: 3.11.4
[0m08:48:02.994900 [info ] [MainThread]: python path: /home/rfdickerson/dbt-env/bin/python3
[0m08:48:02.995172 [info ] [MainThread]: os info: Linux-6.4.12-200.fc38.x86_64-x86_64-with-glibc2.37
[0m08:48:03.157261 [info ] [MainThread]: Using profiles dir at /home/rfdickerson/.dbt
[0m08:48:03.157575 [info ] [MainThread]: Using profiles.yml file at /home/rfdickerson/.dbt/profiles.yml
[0m08:48:03.157851 [info ] [MainThread]: Using dbt_project.yml file at /home/rfdickerson/projects/dbt-tutorial/dbt_project.yml
[0m08:48:03.158217 [info ] [MainThread]: adapter type: bigquery
[0m08:48:03.158507 [info ] [MainThread]: adapter version: 1.6.3
[0m08:48:03.158783 [info ] [MainThread]: Configuration:
[0m08:48:03.159042 [info ] [MainThread]:   profiles.yml file [[32mOK found and valid[0m]
[0m08:48:03.159297 [info ] [MainThread]:   dbt_project.yml file [[31mERROR not found[0m]
[0m08:48:03.159546 [info ] [MainThread]: Required dependencies:
[0m08:48:03.159802 [debug] [MainThread]: Executing "git --help"
[0m08:48:03.161316 [debug] [MainThread]: STDOUT: "b"usage: git [-v | --version] [-h | --help] [-C <path>] [-c <name>=<value>]\n           [--exec-path[=<path>]] [--html-path] [--man-path] [--info-path]\n           [-p | --paginate | -P | --no-pager] [--no-replace-objects] [--bare]\n           [--git-dir=<path>] [--work-tree=<path>] [--namespace=<name>]\n           [--config-env=<name>=<envvar>] <command> [<args>]\n\nThese are common Git commands used in various situations:\n\nstart a working area (see also: git help tutorial)\n   clone     Clone a repository into a new directory\n   init      Create an empty Git repository or reinitialize an existing one\n\nwork on the current change (see also: git help everyday)\n   add       Add file contents to the index\n   mv        Move or rename a file, a directory, or a symlink\n   restore   Restore working tree files\n   rm        Remove files from the working tree and from the index\n\nexamine the history and state (see also: git help revisions)\n   bisect    Use binary search to find the commit that introduced a bug\n   diff      Show changes between commits, commit and working tree, etc\n   grep      Print lines matching a pattern\n   log       Show commit logs\n   show      Show various types of objects\n   status    Show the working tree status\n\ngrow, mark and tweak your common history\n   branch    List, create, or delete branches\n   commit    Record changes to the repository\n   merge     Join two or more development histories together\n   rebase    Reapply commits on top of another base tip\n   reset     Reset current HEAD to the specified state\n   switch    Switch branches\n   tag       Create, list, delete or verify a tag object signed with GPG\n\ncollaborate (see also: git help workflows)\n   fetch     Download objects and refs from another repository\n   pull      Fetch from and integrate with another repository or a local branch\n   push      Update remote refs along with associated objects\n\n'git help -a' and 'git help -g' list available subcommands and some\nconcept guides. See 'git help <command>' or 'git help <concept>'\nto read about a specific subcommand or concept.\nSee 'git help git' for an overview of the system.\n""
[0m08:48:03.161713 [debug] [MainThread]: STDERR: "b''"
[0m08:48:03.162038 [info ] [MainThread]:  - git [[32mOK found[0m]

[0m08:48:03.162387 [info ] [MainThread]: Connection:
[0m08:48:03.162670 [info ] [MainThread]:   method: service-account
[0m08:48:03.162914 [info ] [MainThread]:   database: snappy-topic-397313
[0m08:48:03.163165 [info ] [MainThread]:   execution_project: snappy-topic-397313
[0m08:48:03.163418 [info ] [MainThread]:   schema: jaffle_shop
[0m08:48:03.163660 [info ] [MainThread]:   location: US
[0m08:48:03.163901 [info ] [MainThread]:   priority: interactive
[0m08:48:03.164150 [info ] [MainThread]:   maximum_bytes_billed: None
[0m08:48:03.164411 [info ] [MainThread]:   impersonate_service_account: None
[0m08:48:03.164650 [info ] [MainThread]:   job_retry_deadline_seconds: None
[0m08:48:03.164890 [info ] [MainThread]:   job_retries: 1
[0m08:48:03.165138 [info ] [MainThread]:   job_creation_timeout_seconds: None
[0m08:48:03.165378 [info ] [MainThread]:   job_execution_timeout_seconds: 300
[0m08:48:03.165617 [info ] [MainThread]:   keyfile: /home/rfdickerson/.dbt/snappy-topic-397313-70bc39b9b719.json
[0m08:48:03.165859 [info ] [MainThread]:   keyfile_json: None
[0m08:48:03.166104 [info ] [MainThread]:   timeout_seconds: 300
[0m08:48:03.166344 [info ] [MainThread]:   token: None
[0m08:48:03.166582 [info ] [MainThread]:   refresh_token: None
[0m08:48:03.166820 [info ] [MainThread]:   client_id: None
[0m08:48:03.167062 [info ] [MainThread]:   client_secret: None
[0m08:48:03.167306 [info ] [MainThread]:   token_uri: None
[0m08:48:03.167543 [info ] [MainThread]:   dataproc_region: None
[0m08:48:03.167832 [info ] [MainThread]:   dataproc_cluster_name: None
[0m08:48:03.168080 [info ] [MainThread]:   gcs_bucket: None
[0m08:48:03.168327 [info ] [MainThread]:   dataproc_batch: None
[0m08:48:03.168591 [info ] [MainThread]: Registered adapter: bigquery=1.6.3
[0m08:48:03.168971 [debug] [MainThread]: Acquiring new bigquery connection 'debug'
[0m08:48:03.169236 [debug] [MainThread]: Opening a new connection, currently in state init
[0m08:48:03.170238 [debug] [MainThread]: On debug: select 1 as id
[0m08:48:04.453402 [debug] [MainThread]: BigQuery adapter: https://console.cloud.google.com/bigquery?project=snappy-topic-397313&j=bq:US:c634f2f3-925c-428e-8224-0439b24391bc&page=queryresults
[0m08:48:04.901692 [info ] [MainThread]:   Connection test: [[32mOK connection ok[0m]

[0m08:48:04.902099 [info ] [MainThread]: [31m1 check failed:[0m
[0m08:48:04.902462 [info ] [MainThread]: Project loading failed for the following reason:
 project path </home/rfdickerson/projects/dbt-tutorial/dbt_project.yml> not found

[0m08:48:04.902898 [debug] [MainThread]: Command `dbt debug` failed at 08:48:04.902818 after 1.92 seconds
[0m08:48:04.903194 [debug] [MainThread]: Connection 'debug' was properly closed.
[0m08:48:04.903489 [debug] [MainThread]: Sending event: {'category': 'dbt', 'action': 'invocation', 'label': 'end', 'context': [<snowplow_tracker.self_describing_json.SelfDescribingJson object at 0x7f3cb0c22790>, <snowplow_tracker.self_describing_json.SelfDescribingJson object at 0x7f3caea60d10>, <snowplow_tracker.self_describing_json.SelfDescribingJson object at 0x7f3caef7c790>]}
[0m08:48:04.903815 [debug] [MainThread]: Flushing usage events
